C:\GithubProject\InputExportExcel\InpuExportExcel\InpuExportExcel\ClieantApp\dist\out-tsc\e2e\src\app.po.js
C:\GithubProject\InputExportExcel\InpuExportExcel\InpuExportExcel\ClieantApp\dist\out-tsc\e2e\src\app.po.js.map
C:\GithubProject\InputExportExcel\InpuExportExcel\InpuExportExcel\ClieantApp\dist\out-tsc\e2e\src\app.e2e-spec.js
C:\GithubProject\InputExportExcel\InpuExportExcel\InpuExportExcel\ClieantApp\dist\out-tsc\e2e\src\app.e2e-spec.js.map
C:\GithubProject\InputExportExcel\InpuExportExcel\InpuExportExcel\ClieantApp\dist\out-tsc\src\app\app-routing.module.js
C:\GithubProject\InputExportExcel\InpuExportExcel\InpuExportExcel\ClieantApp\dist\out-tsc\src\app\app-routing.module.js.map
C:\GithubProject\InputExportExcel\InpuExportExcel\InpuExportExcel\ClieantApp\dist\out-tsc\src\app\app.component.js
C:\GithubProject\InputExportExcel\InpuExportExcel\InpuExportExcel\ClieantApp\dist\out-tsc\src\app\app.component.js.map
C:\GithubProject\InputExportExcel\InpuExportExcel\InpuExportExcel\ClieantApp\dist\out-tsc\src\app\app.module.js
C:\GithubProject\InputExportExcel\InpuExportExcel\InpuExportExcel\ClieantApp\dist\out-tsc\src\app\app.module.js.map
C:\GithubProject\InputExportExcel\InpuExportExcel\InpuExportExcel\ClieantApp\dist\out-tsc\src\environments\environment.js
C:\GithubProject\InputExportExcel\InpuExportExcel\InpuExportExcel\ClieantApp\dist\out-tsc\src\environments\environment.js.map
C:\GithubProject\InputExportExcel\InpuExportExcel\InpuExportExcel\ClieantApp\dist\out-tsc\src\main.js
C:\GithubProject\InputExportExcel\InpuExportExcel\InpuExportExcel\ClieantApp\dist\out-tsc\src\main.js.map
C:\GithubProject\InputExportExcel\InpuExportExcel\InpuExportExcel\ClieantApp\dist\out-tsc\src\polyfills.js
C:\GithubProject\InputExportExcel\InpuExportExcel\InpuExportExcel\ClieantApp\dist\out-tsc\src\polyfills.js.map
C:\GithubProject\InputExportExcel\InpuExportExcel\InpuExportExcel\ClieantApp\dist\out-tsc\src\test.js
C:\GithubProject\InputExportExcel\InpuExportExcel\InpuExportExcel\ClieantApp\dist\out-tsc\src\test.js.map
C:\GithubProject\InputExportExcel\InpuExportExcel\InpuExportExcel\ClieantApp\dist\out-tsc\src\app\app.component.spec.js
C:\GithubProject\InputExportExcel\InpuExportExcel\InpuExportExcel\ClieantApp\dist\out-tsc\src\app\app.component.spec.js.map
C:\GithubProject\InputExportExcel\InpuExportExcel\InpuExportExcel\ClieantApp\dist\out-tsc\src\app\_models\TestObject.js
C:\GithubProject\InputExportExcel\InpuExportExcel\InpuExportExcel\ClieantApp\dist\out-tsc\src\app\_models\TestObject.js.map
C:\GithubProject\InputExportExcel\InpuExportExcel\InpuExportExcel\ClieantApp\dist\out-tsc\src\app\_services\import.service.js
C:\GithubProject\InputExportExcel\InpuExportExcel\InpuExportExcel\ClieantApp\dist\out-tsc\src\app\_services\import.service.js.map
C:\GithubProject\InputExportExcel\InpuExportExcel\InpuExportExcel\ClieantApp\dist\out-tsc\src\app\_services\import.service.spec.js
C:\GithubProject\InputExportExcel\InpuExportExcel\InpuExportExcel\ClieantApp\dist\out-tsc\src\app\_services\import.service.spec.js.map
C:\GithubProject\InputExportExcel\InpuExportExcel\InpuExportExcel\ClieantApp\dist\out-tsc\src\app\layout\layout.component.js
C:\GithubProject\InputExportExcel\InpuExportExcel\InpuExportExcel\ClieantApp\dist\out-tsc\src\app\layout\layout.component.js.map
C:\GithubProject\InputExportExcel\InpuExportExcel\InpuExportExcel\ClieantApp\dist\out-tsc\src\app\layout\layout-routing.module.js
C:\GithubProject\InputExportExcel\InpuExportExcel\InpuExportExcel\ClieantApp\dist\out-tsc\src\app\layout\layout-routing.module.js.map
C:\GithubProject\InputExportExcel\InpuExportExcel\InpuExportExcel\ClieantApp\dist\out-tsc\src\app\layout\layout.component.spec.js
C:\GithubProject\InputExportExcel\InpuExportExcel\InpuExportExcel\ClieantApp\dist\out-tsc\src\app\layout\layout.component.spec.js.map
C:\GithubProject\InputExportExcel\InpuExportExcel\InpuExportExcel\ClieantApp\dist\out-tsc\src\app\layout\import-file\import-file.component.js
C:\GithubProject\InputExportExcel\InpuExportExcel\InpuExportExcel\ClieantApp\dist\out-tsc\src\app\layout\import-file\import-file.component.js.map
C:\GithubProject\InputExportExcel\InpuExportExcel\InpuExportExcel\ClieantApp\dist\out-tsc\src\app\layout\data-list\data-list.component.js
C:\GithubProject\InputExportExcel\InpuExportExcel\InpuExportExcel\ClieantApp\dist\out-tsc\src\app\layout\data-list\data-list.component.js.map
C:\GithubProject\InputExportExcel\InpuExportExcel\InpuExportExcel\ClieantApp\dist\out-tsc\src\app\shared\file-upload\file-upload.component.js
C:\GithubProject\InputExportExcel\InpuExportExcel\InpuExportExcel\ClieantApp\dist\out-tsc\src\app\shared\file-upload\file-upload.component.js.map
C:\GithubProject\InputExportExcel\InpuExportExcel\InpuExportExcel\ClieantApp\dist\out-tsc\src\app\shared\file-upload\file-upload.module.js
C:\GithubProject\InputExportExcel\InpuExportExcel\InpuExportExcel\ClieantApp\dist\out-tsc\src\app\shared\file-upload\file-upload.module.js.map
C:\GithubProject\InputExportExcel\InpuExportExcel\InpuExportExcel\ClieantApp\dist\out-tsc\src\app\layout\layout.module.js
C:\GithubProject\InputExportExcel\InpuExportExcel\InpuExportExcel\ClieantApp\dist\out-tsc\src\app\layout\layout.module.js.map
C:\GithubProject\InputExportExcel\InpuExportExcel\InpuExportExcel\ClieantApp\dist\out-tsc\src\app\layout\data-list\data-list.component.spec.js
C:\GithubProject\InputExportExcel\InpuExportExcel\InpuExportExcel\ClieantApp\dist\out-tsc\src\app\layout\data-list\data-list.component.spec.js.map
C:\GithubProject\InputExportExcel\InpuExportExcel\InpuExportExcel\ClieantApp\dist\out-tsc\src\app\layout\import-file\import-file.component.spec.js
C:\GithubProject\InputExportExcel\InpuExportExcel\InpuExportExcel\ClieantApp\dist\out-tsc\src\app\layout\import-file\import-file.component.spec.js.map
C:\GithubProject\InputExportExcel\InpuExportExcel\InpuExportExcel\ClieantApp\dist\out-tsc\src\app\shared\file-upload\file-upload.component.spec.js
C:\GithubProject\InputExportExcel\InpuExportExcel\InpuExportExcel\ClieantApp\dist\out-tsc\src\app\shared\file-upload\file-upload.component.spec.js.map
C:\GithubProject\InputExportExcel\InpuExportExcel\InpuExportExcel\ClieantApp\dist\out-tsc\src\environments\environment.prod.js
C:\GithubProject\InputExportExcel\InpuExportExcel\InpuExportExcel\ClieantApp\dist\out-tsc\src\environments\environment.prod.js.map
